<?xml version="1.0" encoding="UTF-8"?>
<testng-results ignored="0" total="9" passed="9" failed="0" skipped="0">
  <reporter-output>
  </reporter-output>
  <suite started-at="2024-03-02T17:09:13 IST" name="Default suite" finished-at="2024-03-02T17:11:10 IST" duration-ms="116890">
    <groups>
      <group name="cucumber">
        <method signature="AbstractTestNGCucumberTests.runScenario(io.cucumber.testng.PickleWrapper,io.cucumber.testng.FeatureWrapper)[pri:0, instance:testrunner.TestRunner@7bd7d6d6]" name="runScenario" class="io.cucumber.testng.AbstractTestNGCucumberTests"/>
      </group> <!-- cucumber -->
    </groups>
    <test started-at="2024-03-02T17:09:13 IST" name="Default test" finished-at="2024-03-02T17:11:10 IST" duration-ms="116890">
      <class name="testrunner.TestRunner">
        <test-method is-config="true" signature="setUpClass(org.testng.ITestContext)[pri:0, instance:testrunner.TestRunner@7bd7d6d6]" started-at="2024-03-02T17:09:13 IST" name="setUpClass" finished-at="2024-03-02T17:09:13 IST" duration-ms="310" status="PASS">
          <params>
            <param index="0">
              <value>
                <![CDATA[org.testng.TestRunner@74431832]]>
              </value>
            </param>
          </params>
          <reporter-output>
          </reporter-output>
        </test-method> <!-- setUpClass -->
        <test-method signature="runScenario(io.cucumber.testng.PickleWrapper,io.cucumber.testng.FeatureWrapper)[pri:0, instance:testrunner.TestRunner@7bd7d6d6]" started-at="2024-03-02T17:09:13 IST" name="runScenario" description="Runs Cucumber Scenarios" data-provider="scenarios" finished-at="2024-03-02T17:09:42 IST" duration-ms="28684" status="PASS">
          <params>
            <param index="0">
              <value>
                <![CDATA["On Search box departments list should be displayed according to pre defined departments"]]>
              </value>
            </param>
            <param index="1">
              <value>
                <![CDATA["Functionality testing of Add to Cart feature on Amazon.com Website"]]>
              </value>
            </param>
          </params>
          <reporter-output>
          </reporter-output>
        </test-method> <!-- runScenario -->
        <test-method signature="runScenario(io.cucumber.testng.PickleWrapper,io.cucumber.testng.FeatureWrapper)[pri:0, instance:testrunner.TestRunner@7bd7d6d6]" started-at="2024-03-02T17:09:42 IST" name="runScenario" description="Runs Cucumber Scenarios" data-provider="scenarios" finished-at="2024-03-02T17:09:49 IST" duration-ms="6634" status="PASS">
          <params>
            <param index="0">
              <value>
                <![CDATA["Check the Wild Cart Search should function according to input provided"]]>
              </value>
            </param>
            <param index="1">
              <value>
                <![CDATA["Functionality testing of Add to Cart feature on Amazon.com Website"]]>
              </value>
            </param>
          </params>
          <reporter-output>
          </reporter-output>
        </test-method> <!-- runScenario -->
        <test-method signature="runScenario(io.cucumber.testng.PickleWrapper,io.cucumber.testng.FeatureWrapper)[pri:0, instance:testrunner.TestRunner@7bd7d6d6]" started-at="2024-03-02T17:09:49 IST" name="runScenario" description="Runs Cucumber Scenarios" data-provider="scenarios" finished-at="2024-03-02T17:09:55 IST" duration-ms="6467" status="PASS">
          <params>
            <param index="0">
              <value>
                <![CDATA["Check the Wild Cart Search should function according to input provided"]]>
              </value>
            </param>
            <param index="1">
              <value>
                <![CDATA["Functionality testing of Add to Cart feature on Amazon.com Website"]]>
              </value>
            </param>
          </params>
          <reporter-output>
          </reporter-output>
        </test-method> <!-- runScenario -->
        <test-method signature="runScenario(io.cucumber.testng.PickleWrapper,io.cucumber.testng.FeatureWrapper)[pri:0, instance:testrunner.TestRunner@7bd7d6d6]" started-at="2024-03-02T17:09:55 IST" name="runScenario" description="Runs Cucumber Scenarios" data-provider="scenarios" finished-at="2024-03-02T17:10:01 IST" duration-ms="6221" status="PASS">
          <params>
            <param index="0">
              <value>
                <![CDATA["Check the Wild Cart Search should function according to input provided"]]>
              </value>
            </param>
            <param index="1">
              <value>
                <![CDATA["Functionality testing of Add to Cart feature on Amazon.com Website"]]>
              </value>
            </param>
          </params>
          <reporter-output>
          </reporter-output>
        </test-method> <!-- runScenario -->
        <test-method signature="runScenario(io.cucumber.testng.PickleWrapper,io.cucumber.testng.FeatureWrapper)[pri:0, instance:testrunner.TestRunner@7bd7d6d6]" started-at="2024-03-02T17:10:01 IST" name="runScenario" description="Runs Cucumber Scenarios" data-provider="scenarios" finished-at="2024-03-02T17:10:08 IST" duration-ms="6170" status="PASS">
          <params>
            <param index="0">
              <value>
                <![CDATA["Check the Wild Cart Search should function according to input provided"]]>
              </value>
            </param>
            <param index="1">
              <value>
                <![CDATA["Functionality testing of Add to Cart feature on Amazon.com Website"]]>
              </value>
            </param>
          </params>
          <reporter-output>
          </reporter-output>
        </test-method> <!-- runScenario -->
        <test-method signature="runScenario(io.cucumber.testng.PickleWrapper,io.cucumber.testng.FeatureWrapper)[pri:0, instance:testrunner.TestRunner@7bd7d6d6]" started-at="2024-03-02T17:10:08 IST" name="runScenario" description="Runs Cucumber Scenarios" data-provider="scenarios" finished-at="2024-03-02T17:10:10 IST" duration-ms="2367" status="PASS">
          <params>
            <param index="0">
              <value>
                <![CDATA["Check webpage landing via Amazon icon provided"]]>
              </value>
            </param>
            <param index="1">
              <value>
                <![CDATA["Functionality testing of Add to Cart feature on Amazon.com Website"]]>
              </value>
            </param>
          </params>
          <reporter-output>
          </reporter-output>
        </test-method> <!-- runScenario -->
        <test-method signature="runScenario(io.cucumber.testng.PickleWrapper,io.cucumber.testng.FeatureWrapper)[pri:0, instance:testrunner.TestRunner@7bd7d6d6]" started-at="2024-03-02T17:10:10 IST" name="runScenario" description="Runs Cucumber Scenarios" data-provider="scenarios" finished-at="2024-03-02T17:10:22 IST" duration-ms="12196" status="PASS">
          <params>
            <param index="0">
              <value>
                <![CDATA["Check after product selection product page is launched"]]>
              </value>
            </param>
            <param index="1">
              <value>
                <![CDATA["Functionality testing of Add to Cart feature on Amazon.com Website"]]>
              </value>
            </param>
          </params>
          <reporter-output>
          </reporter-output>
        </test-method> <!-- runScenario -->
        <test-method signature="runScenario(io.cucumber.testng.PickleWrapper,io.cucumber.testng.FeatureWrapper)[pri:0, instance:testrunner.TestRunner@7bd7d6d6]" started-at="2024-03-02T17:10:22 IST" name="runScenario" description="Runs Cucumber Scenarios" data-provider="scenarios" finished-at="2024-03-02T17:10:38 IST" duration-ms="15581" status="PASS">
          <params>
            <param index="0">
              <value>
                <![CDATA["Check that product unable to check out for undelivered location"]]>
              </value>
            </param>
            <param index="1">
              <value>
                <![CDATA["Functionality testing of Add to Cart feature on Amazon.com Website"]]>
              </value>
            </param>
          </params>
          <reporter-output>
          </reporter-output>
        </test-method> <!-- runScenario -->
        <test-method signature="runScenario(io.cucumber.testng.PickleWrapper,io.cucumber.testng.FeatureWrapper)[pri:0, instance:testrunner.TestRunner@7bd7d6d6]" started-at="2024-03-02T17:10:38 IST" name="runScenario" description="Runs Cucumber Scenarios" data-provider="scenarios" finished-at="2024-03-02T17:11:10 IST" duration-ms="32138" status="PASS">
          <params>
            <param index="0">
              <value>
                <![CDATA["Check that product unable to check out for undelivered location"]]>
              </value>
            </param>
            <param index="1">
              <value>
                <![CDATA["Functionality testing of Add to Cart feature on Amazon.com Website"]]>
              </value>
            </param>
          </params>
          <reporter-output>
          </reporter-output>
        </test-method> <!-- runScenario -->
        <test-method is-config="true" signature="tearDownClass()[pri:0, instance:testrunner.TestRunner@7bd7d6d6]" started-at="2024-03-02T17:11:10 IST" name="tearDownClass" finished-at="2024-03-02T17:11:10 IST" duration-ms="16" status="PASS">
          <reporter-output>
          </reporter-output>
        </test-method> <!-- tearDownClass -->
      </class> <!-- testrunner.TestRunner -->
    </test> <!-- Default test -->
  </suite> <!-- Default suite -->
</testng-results>
